<?xml version="1.0" encoding="UTF-8"?>
<!-- Generated by org.testng.reporters.JUnitReportReporter -->
<testsuite skipped="0" hostname="WINDG185171-F5Y" name="tests.TestsExamples" tests="1" failures="0" timestamp="2022-01-21T19:48:42 IST" time="5.668" errors="0">
  <testcase name="test_1" time="5.668" classname="tests.TestsExamples"/>
  <system-out/>
</testsuite> <!-- tests.TestsExamples -->
