<?xml version="1.0" encoding="UTF-8"?>
<!-- Generated by org.testng.reporters.JUnitReportReporter -->
<testsuite skipped="0" hostname="WINDG185171-F5Y" name="tests.GetAndPostExample" tests="1" failures="0" timestamp="2022-01-21T20:33:09 IST" time="0.009" errors="0">
  <testcase name="post" time="0.009" classname="tests.GetAndPostExample"/>
  <system-out/>
</testsuite> <!-- tests.GetAndPostExample -->
