<?xml version="1.0" encoding="UTF-8"?>
<!-- Generated by org.testng.reporters.JUnitReportReporter -->
<testsuite name="com.apsrtc.demo.TestSet.Set01" tests="1" time="6.577" ignored="0" failures="0" timestamp="01 Jan 2018 15:08:49 GMT" skipped="0" hostname="WINDG185171-BBU" errors="0">
  <testcase name="test01" time="6.577" classname="com.apsrtc.demo.TestSet.Set01"/>
</testsuite> <!-- com.apsrtc.demo.TestSet.Set01 -->
