<?xml version="1.0" encoding="UTF-8"?>
<!-- Generated by org.testng.reporters.JUnitReportReporter -->
<testsuite skipped="0" hostname="WINDG185171-BBU" name="seleniumeasysite.SmallConcepts" tests="1" failures="0" timestamp="26 Apr 2018 18:18:44 GMT" time="9.725" errors="0">
  <testcase name="verifyText_DisplayShortTime" time="9.725" classname="seleniumeasysite.SmallConcepts"/>
</testsuite> <!-- seleniumeasysite.SmallConcepts -->
