<?xml version="1.0" encoding="UTF-8"?>
<!-- Generated by org.testng.reporters.JUnitReportReporter -->
<testsuite skipped="0" hostname="WINDG185171-BBU" name="test.sanity.SanityTests" tests="1" failures="0" timestamp="17 Feb 2018 12:13:30 GMT" time="6.365" errors="0">
  <testcase name="VerifyLogin_InvalidCredentials" time="6.365" classname="test.sanity.SanityTests"/>
</testsuite> <!-- test.sanity.SanityTests -->
