<?xml version="1.0" encoding="UTF-8"?>
<!-- Generated by org.testng.reporters.JUnitReportReporter -->
<testsuite skipped="0" hostname="WINDG185171-F5Y" name="SDET_QA_AUTO_TECHIE.Demo1_GET_Request" tests="1" failures="0" timestamp="2022-04-03T16:09:30 IST" time="4.341" errors="0">
  <testcase name="get_RequestEx1" time="4.341" classname="SDET_QA_AUTO_TECHIE.Demo1_GET_Request"/>
  <system-out/>
</testsuite> <!-- SDET_QA_AUTO_TECHIE.Demo1_GET_Request -->
