<?xml version="1.0" encoding="UTF-8"?>
<!-- Generated by org.testng.reporters.JUnitReportReporter -->
<testsuite hostname="WINDG185171-BBU" name="com.tanmaysarkar.demo.regression.MyTest" tests="1" failures="1" timestamp="4 Jan 2018 17:39:23 GMT" time="47.819" errors="0">
  <testcase name="test01" time="47.819" classname="com.tanmaysarkar.demo.regression.MyTest">
    <failure type="org.openqa.selenium.WebDriverException" message="Failed to connect to binary FirefoxBinary(C:\Program Files (x86)\Mozilla Firefox\firefox.exe) on port 7055; process output follows: 
bext.sc.lz4	DEBUG	Save changes
1515087520820	DeferredSave.addons.json	DEBUG	Starting write
1515087520823	DeferredSave.addons.json	DEBUG	Write succeeded
1515087520865	addons.xpi	INFO	Mapping @onboard-v2 to C:\Users\dg185171\AppData\Local\Temp\anonymous6608343776648994280webdriver-profile\extensions\@onboard-v2
1515087520865	addons.xpi	INFO	Mapping fxdriver@googlecode.com to C:\Users\dg185171\AppData\Local\Temp\anonymous6608343776648994280webdriver-profile\extensions\fxdriver@googlecode.com
1515087520865	addons.xpi	DEBUG	Ignoring file entry whose name is not a valid add-on ID: C:\Users\dg185171\AppData\Local\Temp\anonymous6608343776648994280webdriver-profile\extensions\webdriver-staging
1515087520866	addons.xpi	DEBUG	Existing add-on fxdriver@googlecode.com in app-profile
1515087520866	addons.xpi	DEBUG	Existing add-on @onboard-v2 in app-profile
1515087520866	addons.xpi	INFO	Mapping activity-stream@mozilla.org to C:\Program Files (x86)\Mozilla Firefox\browser\features\activity-stream@mozilla.org.xpi
1515087520867	addons.xpi	INFO	Mapping aushelper@mozilla.org to C:\Program Files (x86)\Mozilla Firefox\browser\features\aushelper@mozilla.org.xpi
1515087520867	addons.xpi	INFO	Mapping e10srollout@mozilla.org to C:\Program Files (x86)\Mozilla Firefox\browser\features\e10srollout@mozilla.org.xpi
1515087520867	addons.xpi	INFO	Mapping firefox@getpocket.com to C:\Program Files (x86)\Mozilla Firefox\browser\features\firefox@getpocket.com.xpi
1515087520867	addons.xpi	INFO	Mapping followonsearch@mozilla.com to C:\Program Files (x86)\Mozilla Firefox\browser\features\followonsearch@mozilla.com.xpi
1515087520867	addons.xpi	INFO	Mapping formautofill@mozilla.org to C:\Program Files (x86)\Mozilla Firefox\browser\features\formautofill@mozilla.org.xpi
1515087520867	addons.xpi	INFO	Mapping onboarding@mozilla.org to C:\Program Files (x86)\Mozilla Firefox\browser\features\onboarding@mozilla.org.xpi
1515087520867	addons.xpi	INFO	Mapping screenshots@mozilla.org to C:\Program Files (x86)\Mozilla Firefox\browser\features\screenshots@mozilla.org.xpi
1515087520867	addons.xpi	INFO	Mapping shield-recipe-client@mozilla.org to C:\Program Files (x86)\Mozilla Firefox\browser\features\shield-recipe-client@mozilla.org.xpi
1515087520867	addons.xpi	INFO	Mapping webcompat@mozilla.org to C:\Program Files (x86)\Mozilla Firefox\browser\features\webcompat@mozilla.org.xpi
1515087520867	addons.xpi	DEBUG	Existing add-on activity-stream@mozilla.org in app-system-defaults
1515087520868	addons.xpi	DEBUG	Existing add-on aushelper@mozilla.org in app-system-defaults
1515087520868	addons.xpi	DEBUG	Existing add-on e10srollout@mozilla.org in app-system-defaults
1515087520868	addons.xpi	DEBUG	Existing add-on firefox@getpocket.com in app-system-defaults
1515087520869	addons.xpi	DEBUG	Existing add-on followonsearch@mozilla.com in app-system-defaults
1515087520869	addons.xpi	DEBUG	Existing add-on formautofill@mozilla.org in app-system-defaults
1515087520869	addons.xpi	DEBUG	Existing add-on onboarding@mozilla.org in app-system-defaults
1515087520870	addons.xpi	DEBUG	Existing add-on screenshots@mozilla.org in app-system-defaults
1515087520870	addons.xpi	DEBUG	Existing add-on shield-recipe-client@mozilla.org in app-system-defaults
1515087520870	addons.xpi	DEBUG	Existing add-on webcompat@mozilla.org in app-system-defaults
1515087520871	addons.xpi	INFO	Mapping {972ce4c6-7e08-4474-a285-3208198ce6fd} to C:\Program Files (x86)\Mozilla Firefox\browser\extensions\{972ce4c6-7e08-4474-a285-3208198ce6fd}.xpi
1515087520872	addons.xpi	DEBUG	Existing add-on {972ce4c6-7e08-4474-a285-3208198ce6fd} in app-global
1515087520872	addons.xpi	DEBUG	Existing add-on HP.FT.FirefoxAgent.12.51@hp.com in winreg-app-global
1515087520872	addons.xpi	DEBUG	getInstallState changed: false, state: {}
Crash Annotation GraphicsCriticalError: |[C0][GFX1-]: PossiblyBrokenSurfaceSharing_UnexpectedAMDGPU (t=0.706886) [GFX1-]: PossiblyBrokenSurfaceSharing_UnexpectedAMDGPU
1515087525647	DeferredSave.webext.sc.lz4	DEBUG	Starting write
1515087525655	DeferredSave.webext.sc.lz4	DEBUG	Write succeeded

Build info: version: &#039;2.53.0&#039;, revision: &#039;35ae25b1534ae328c771e0856c93e187490ca824&#039;, time: &#039;2016-03-15 10:43:46&#039;
System info: host: &#039;WINDG185171-BBU&#039;, ip: &#039;192.168.56.1&#039;, os.name: &#039;Windows 7&#039;, os.arch: &#039;x86&#039;, os.version: &#039;6.1&#039;, java.version: &#039;1.8.0_131&#039;
Driver info: driver.version: FirefoxDriver">
      <![CDATA[org.openqa.selenium.WebDriverException: Failed to connect to binary FirefoxBinary(C:\Program Files (x86)\Mozilla Firefox\firefox.exe) on port 7055; process output follows: 
bext.sc.lz4	DEBUG	Save changes
1515087520820	DeferredSave.addons.json	DEBUG	Starting write
1515087520823	DeferredSave.addons.json	DEBUG	Write succeeded
1515087520865	addons.xpi	INFO	Mapping @onboard-v2 to C:\Users\dg185171\AppData\Local\Temp\anonymous6608343776648994280webdriver-profile\extensions\@onboard-v2
1515087520865	addons.xpi	INFO	Mapping fxdriver@googlecode.com to C:\Users\dg185171\AppData\Local\Temp\anonymous6608343776648994280webdriver-profile\extensions\fxdriver@googlecode.com
1515087520865	addons.xpi	DEBUG	Ignoring file entry whose name is not a valid add-on ID: C:\Users\dg185171\AppData\Local\Temp\anonymous6608343776648994280webdriver-profile\extensions\webdriver-staging
1515087520866	addons.xpi	DEBUG	Existing add-on fxdriver@googlecode.com in app-profile
1515087520866	addons.xpi	DEBUG	Existing add-on @onboard-v2 in app-profile
1515087520866	addons.xpi	INFO	Mapping activity-stream@mozilla.org to C:\Program Files (x86)\Mozilla Firefox\browser\features\activity-stream@mozilla.org.xpi
1515087520867	addons.xpi	INFO	Mapping aushelper@mozilla.org to C:\Program Files (x86)\Mozilla Firefox\browser\features\aushelper@mozilla.org.xpi
1515087520867	addons.xpi	INFO	Mapping e10srollout@mozilla.org to C:\Program Files (x86)\Mozilla Firefox\browser\features\e10srollout@mozilla.org.xpi
1515087520867	addons.xpi	INFO	Mapping firefox@getpocket.com to C:\Program Files (x86)\Mozilla Firefox\browser\features\firefox@getpocket.com.xpi
1515087520867	addons.xpi	INFO	Mapping followonsearch@mozilla.com to C:\Program Files (x86)\Mozilla Firefox\browser\features\followonsearch@mozilla.com.xpi
1515087520867	addons.xpi	INFO	Mapping formautofill@mozilla.org to C:\Program Files (x86)\Mozilla Firefox\browser\features\formautofill@mozilla.org.xpi
1515087520867	addons.xpi	INFO	Mapping onboarding@mozilla.org to C:\Program Files (x86)\Mozilla Firefox\browser\features\onboarding@mozilla.org.xpi
1515087520867	addons.xpi	INFO	Mapping screenshots@mozilla.org to C:\Program Files (x86)\Mozilla Firefox\browser\features\screenshots@mozilla.org.xpi
1515087520867	addons.xpi	INFO	Mapping shield-recipe-client@mozilla.org to C:\Program Files (x86)\Mozilla Firefox\browser\features\shield-recipe-client@mozilla.org.xpi
1515087520867	addons.xpi	INFO	Mapping webcompat@mozilla.org to C:\Program Files (x86)\Mozilla Firefox\browser\features\webcompat@mozilla.org.xpi
1515087520867	addons.xpi	DEBUG	Existing add-on activity-stream@mozilla.org in app-system-defaults
1515087520868	addons.xpi	DEBUG	Existing add-on aushelper@mozilla.org in app-system-defaults
1515087520868	addons.xpi	DEBUG	Existing add-on e10srollout@mozilla.org in app-system-defaults
1515087520868	addons.xpi	DEBUG	Existing add-on firefox@getpocket.com in app-system-defaults
1515087520869	addons.xpi	DEBUG	Existing add-on followonsearch@mozilla.com in app-system-defaults
1515087520869	addons.xpi	DEBUG	Existing add-on formautofill@mozilla.org in app-system-defaults
1515087520869	addons.xpi	DEBUG	Existing add-on onboarding@mozilla.org in app-system-defaults
1515087520870	addons.xpi	DEBUG	Existing add-on screenshots@mozilla.org in app-system-defaults
1515087520870	addons.xpi	DEBUG	Existing add-on shield-recipe-client@mozilla.org in app-system-defaults
1515087520870	addons.xpi	DEBUG	Existing add-on webcompat@mozilla.org in app-system-defaults
1515087520871	addons.xpi	INFO	Mapping {972ce4c6-7e08-4474-a285-3208198ce6fd} to C:\Program Files (x86)\Mozilla Firefox\browser\extensions\{972ce4c6-7e08-4474-a285-3208198ce6fd}.xpi
1515087520872	addons.xpi	DEBUG	Existing add-on {972ce4c6-7e08-4474-a285-3208198ce6fd} in app-global
1515087520872	addons.xpi	DEBUG	Existing add-on HP.FT.FirefoxAgent.12.51@hp.com in winreg-app-global
1515087520872	addons.xpi	DEBUG	getInstallState changed: false, state: {}
Crash Annotation GraphicsCriticalError: |[C0][GFX1-]: PossiblyBrokenSurfaceSharing_UnexpectedAMDGPU (t=0.706886) [GFX1-]: PossiblyBrokenSurfaceSharing_UnexpectedAMDGPU
1515087525647	DeferredSave.webext.sc.lz4	DEBUG	Starting write
1515087525655	DeferredSave.webext.sc.lz4	DEBUG	Write succeeded

Build info: version: '2.53.0', revision: '35ae25b1534ae328c771e0856c93e187490ca824', time: '2016-03-15 10:43:46'
System info: host: 'WINDG185171-BBU', ip: '192.168.56.1', os.name: 'Windows 7', os.arch: 'x86', os.version: '6.1', java.version: '1.8.0_131'
Driver info: driver.version: FirefoxDriver
	at org.openqa.selenium.firefox.internal.NewProfileExtensionConnection.start(NewProfileExtensionConnection.java:125)
	at org.openqa.selenium.firefox.FirefoxDriver.startClient(FirefoxDriver.java:271)
	at org.openqa.selenium.remote.RemoteWebDriver.<init>(RemoteWebDriver.java:119)
	at org.openqa.selenium.firefox.FirefoxDriver.<init>(FirefoxDriver.java:216)
	at org.openqa.selenium.firefox.FirefoxDriver.<init>(FirefoxDriver.java:211)
	at org.openqa.selenium.firefox.FirefoxDriver.<init>(FirefoxDriver.java:207)
	at org.openqa.selenium.firefox.FirefoxDriver.<init>(FirefoxDriver.java:120)
	at com.tanmaysarkar.demo.Base.getDriver(Base.java:10)
	at com.tanmaysarkar.demo.regression.MyTest.test01(MyTest.java:14)
	at sun.reflect.NativeMethodAccessorImpl.invoke0(Native Method)
	at sun.reflect.NativeMethodAccessorImpl.invoke(Unknown Source)
	at sun.reflect.DelegatingMethodAccessorImpl.invoke(Unknown Source)
	at java.lang.reflect.Method.invoke(Unknown Source)
	at org.testng.internal.MethodInvocationHelper.invokeMethod(MethodInvocationHelper.java:80)
	at org.testng.internal.Invoker.invokeMethod(Invoker.java:714)
	at org.testng.internal.Invoker.invokeTestMethod(Invoker.java:901)
	at org.testng.internal.Invoker.invokeTestMethods(Invoker.java:1231)
	at org.testng.internal.TestMethodWorker.invokeTestMethods(TestMethodWorker.java:127)
	at org.testng.internal.TestMethodWorker.run(TestMethodWorker.java:111)
	at org.testng.TestRunner.privateRun(TestRunner.java:767)
	at org.testng.TestRunner.run(TestRunner.java:617)
	at org.testng.SuiteRunner.runTest(SuiteRunner.java:334)
	at org.testng.SuiteRunner.runSequentially(SuiteRunner.java:329)
	at org.testng.SuiteRunner.privateRun(SuiteRunner.java:291)
	at org.testng.SuiteRunner.run(SuiteRunner.java:240)
	at org.testng.SuiteRunnerWorker.runSuite(SuiteRunnerWorker.java:52)
	at org.testng.SuiteRunnerWorker.run(SuiteRunnerWorker.java:86)
	at org.testng.TestNG.runSuitesSequentially(TestNG.java:1198)
	at org.testng.TestNG.runSuitesLocally(TestNG.java:1123)
	at org.testng.TestNG.run(TestNG.java:1031)
	at org.testng.remote.AbstractRemoteTestNG.run(AbstractRemoteTestNG.java:132)
	at org.testng.remote.RemoteTestNG.initAndRun(RemoteTestNG.java:236)
	at org.testng.remote.RemoteTestNG.main(RemoteTestNG.java:81)
Caused by: org.openqa.selenium.firefox.NotConnectedException: Unable to connect to host 127.0.0.1 on port 7055 after 45000 ms. Firefox console output:
bext.sc.lz4	DEBUG	Save changes
1515087520820	DeferredSave.addons.json	DEBUG	Starting write
1515087520823	DeferredSave.addons.json	DEBUG	Write succeeded
1515087520865	addons.xpi	INFO	Mapping @onboard-v2 to C:\Users\dg185171\AppData\Local\Temp\anonymous6608343776648994280webdriver-profile\extensions\@onboard-v2
1515087520865	addons.xpi	INFO	Mapping fxdriver@googlecode.com to C:\Users\dg185171\AppData\Local\Temp\anonymous6608343776648994280webdriver-profile\extensions\fxdriver@googlecode.com
1515087520865	addons.xpi	DEBUG	Ignoring file entry whose name is not a valid add-on ID: C:\Users\dg185171\AppData\Local\Temp\anonymous6608343776648994280webdriver-profile\extensions\webdriver-staging
1515087520866	addons.xpi	DEBUG	Existing add-on fxdriver@googlecode.com in app-profile
1515087520866	addons.xpi	DEBUG	Existing add-on @onboard-v2 in app-profile
1515087520866	addons.xpi	INFO	Mapping activity-stream@mozilla.org to C:\Program Files (x86)\Mozilla Firefox\browser\features\activity-stream@mozilla.org.xpi
1515087520867	addons.xpi	INFO	Mapping aushelper@mozilla.org to C:\Program Files (x86)\Mozilla Firefox\browser\features\aushelper@mozilla.org.xpi
1515087520867	addons.xpi	INFO	Mapping e10srollout@mozilla.org to C:\Program Files (x86)\Mozilla Firefox\browser\features\e10srollout@mozilla.org.xpi
1515087520867	addons.xpi	INFO	Mapping firefox@getpocket.com to C:\Program Files (x86)\Mozilla Firefox\browser\features\firefox@getpocket.com.xpi
1515087520867	addons.xpi	INFO	Mapping followonsearch@mozilla.com to C:\Program Files (x86)\Mozilla Firefox\browser\features\followonsearch@mozilla.com.xpi
1515087520867	addons.xpi	INFO	Mapping formautofill@mozilla.org to C:\Program Files (x86)\Mozilla Firefox\browser\features\formautofill@mozilla.org.xpi
1515087520867	addons.xpi	INFO	Mapping onboarding@mozilla.org to C:\Program Files (x86)\Mozilla Firefox\browser\features\onboarding@mozilla.org.xpi
1515087520867	addons.xpi	INFO	Mapping screenshots@mozilla.org to C:\Program Files (x86)\Mozilla Firefox\browser\features\screenshots@mozilla.org.xpi
1515087520867	addons.xpi	INFO	Mapping shield-recipe-client@mozilla.org to C:\Program Files (x86)\Mozilla Firefox\browser\features\shield-recipe-client@mozilla.org.xpi
1515087520867	addons.xpi	INFO	Mapping webcompat@mozilla.org to C:\Program Files (x86)\Mozilla Firefox\browser\features\webcompat@mozilla.org.xpi
1515087520867	addons.xpi	DEBUG	Existing add-on activity-stream@mozilla.org in app-system-defaults
1515087520868	addons.xpi	DEBUG	Existing add-on aushelper@mozilla.org in app-system-defaults
1515087520868	addons.xpi	DEBUG	Existing add-on e10srollout@mozilla.org in app-system-defaults
1515087520868	addons.xpi	DEBUG	Existing add-on firefox@getpocket.com in app-system-defaults
1515087520869	addons.xpi	DEBUG	Existing add-on followonsearch@mozilla.com in app-system-defaults
1515087520869	addons.xpi	DEBUG	Existing add-on formautofill@mozilla.org in app-system-defaults
1515087520869	addons.xpi	DEBUG	Existing add-on onboarding@mozilla.org in app-system-defaults
1515087520870	addons.xpi	DEBUG	Existing add-on screenshots@mozilla.org in app-system-defaults
1515087520870	addons.xpi	DEBUG	Existing add-on shield-recipe-client@mozilla.org in app-system-defaults
1515087520870	addons.xpi	DEBUG	Existing add-on webcompat@mozilla.org in app-system-defaults
1515087520871	addons.xpi	INFO	Mapping {972ce4c6-7e08-4474-a285-3208198ce6fd} to C:\Program Files (x86)\Mozilla Firefox\browser\extensions\{972ce4c6-7e08-4474-a285-3208198ce6fd}.xpi
1515087520872	addons.xpi	DEBUG	Existing add-on {972ce4c6-7e08-4474-a285-3208198ce6fd} in app-global
1515087520872	addons.xpi	DEBUG	Existing add-on HP.FT.FirefoxAgent.12.51@hp.com in winreg-app-global
1515087520872	addons.xpi	DEBUG	getInstallState changed: false, state: {}
Crash Annotation GraphicsCriticalError: |[C0][GFX1-]: PossiblyBrokenSurfaceSharing_UnexpectedAMDGPU (t=0.706886) [GFX1-]: PossiblyBrokenSurfaceSharing_UnexpectedAMDGPU
1515087525647	DeferredSave.webext.sc.lz4	DEBUG	Starting write
1515087525655	DeferredSave.webext.sc.lz4	DEBUG	Write succeeded

	at org.openqa.selenium.firefox.internal.NewProfileExtensionConnection.start(NewProfileExtensionConnection.java:113)
	... 32 more
]]>
    </failure>
  </testcase> <!-- test01 -->
</testsuite> <!-- com.tanmaysarkar.demo.regression.MyTest -->
