<?xml version="1.0" encoding="UTF-8"?>
<!-- Generated by org.testng.reporters.JUnitReportReporter -->
<testsuite skipped="0" hostname="WINDG185171-BBU" name="testngTutorials.DataProviderExample" tests="1" failures="0" timestamp="22 Jan 2018 18:02:19 GMT" time="15.554" errors="0">
  <testcase name="login" time="15.554" classname="testngTutorials.DataProviderExample"/>
</testsuite> <!-- testngTutorials.DataProviderExample -->
