<?xml version="1.0" encoding="UTF-8"?>
<!-- Generated by org.testng.reporters.JUnitReportReporter -->
<testsuite skipped="0" hostname="WINDG185171-BBU" name="testngTutorials.FactoryAnnotationPractice" tests="9" failures="0" timestamp="18 Feb 2018 18:03:58 GMT" time="0.016" errors="0">
  <testcase name="f2" time="0.000" classname="testngTutorials.FactoryAnnotationPractice"/>
  <testcase name="f1" time="0.000" classname="testngTutorials.FactoryAnnotationPractice"/>
  <testcase name="f2" time="0.001" classname="testngTutorials.FactoryAnnotationPractice"/>
  <testcase name="f3" time="0.001" classname="testngTutorials.FactoryAnnotationPractice"/>
  <testcase name="f3" time="0.000" classname="testngTutorials.FactoryAnnotationPractice"/>
  <testcase name="f1" time="0.001" classname="testngTutorials.FactoryAnnotationPractice"/>
  <testcase name="f1" time="0.011" classname="testngTutorials.FactoryAnnotationPractice"/>
  <testcase name="f3" time="0.001" classname="testngTutorials.FactoryAnnotationPractice"/>
  <testcase name="f2" time="0.001" classname="testngTutorials.FactoryAnnotationPractice"/>
</testsuite> <!-- testngTutorials.FactoryAnnotationPractice -->
