<?xml version="1.0" encoding="UTF-8"?>
<!-- Generated by org.testng.reporters.JUnitReportReporter -->
<testsuite skipped="0" hostname="WINDG185171-BBU" name="seleniumeasysite.FindBrokenLinks" tests="1" failures="0" timestamp="30 Dec 2017 14:50:27 GMT" time="37.157" errors="0">
  <testcase name="validateInvalidLinks" time="37.157" classname="seleniumeasysite.FindBrokenLinks"/>
</testsuite> <!-- seleniumeasysite.FindBrokenLinks -->
