<?xml version="1.0" encoding="UTF-8"?>
<!-- Generated by org.testng.reporters.JUnitReportReporter -->
<testsuite skipped="0" hostname="WINDG185171-F5Y" name="seleniumeasysite.SmallConcepts" tests="1" failures="0" timestamp="09 Apr 2022 10:46:41 GMT" time="12.097" errors="0">
  <testcase name="validateInvalidLinks" time="12.097" classname="seleniumeasysite.SmallConcepts"/>
</testsuite> <!-- seleniumeasysite.SmallConcepts -->
