<?xml version="1.0" encoding="UTF-8"?>
<!-- Generated by org.testng.reporters.JUnitReportReporter -->
<testsuite skipped="0" hostname="WINDG185171-BBU" name="testngTutorials.BeforeAndAfterClass" tests="4" failures="0" timestamp="26 Jun 2018 09:36:58 GMT" time="0.009" errors="0">
  <testcase name="firstGroupMethodTwo" time="0.002" classname="testngTutorials.BeforeAndAfterClass"/>
  <testcase name="secondGroupMethodTwo" time="0.001" classname="testngTutorials.BeforeAndAfterClass"/>
  <testcase name="secondGroupMethodOne" time="0.002" classname="testngTutorials.BeforeAndAfterClass"/>
  <testcase name="firstGroupMethodOne" time="0.004" classname="testngTutorials.BeforeAndAfterClass"/>
</testsuite> <!-- testngTutorials.BeforeAndAfterClass -->
