<?xml version="1.0" encoding="UTF-8"?>
<!-- Generated by org.testng.reporters.JUnitReportReporter -->
<testsuite skipped="0" hostname="WINDG185171-BBU" name="testngTutorials.GroupsPractice" tests="2" failures="0" timestamp="29 Dec 2017 19:49:52 GMT" time="1.308" errors="0">
  <testcase name="loginApplication" time="1.307" classname="testngTutorials.GroupsPractice"/>
  <testcase name="selectItems" time="0.001" classname="testngTutorials.GroupsPractice"/>
</testsuite> <!-- testngTutorials.GroupsPractice -->
