<?xml version="1.0" encoding="UTF-8"?>
<!-- Generated by org.testng.reporters.JUnitReportReporter -->
<testsuite skipped="0" hostname="WINDG185171-F5Y" name="testngTutorials.FirstTestNGScript2" tests="3" failures="0" timestamp="05 Nov 2021 15:33:39 GMT" time="3.053" errors="0">
  <testcase name="loginApplication" time="3.051" classname="testngTutorials.FirstTestNGScript2"/>
  <testcase name="selectItems" time="0.001" classname="testngTutorials.FirstTestNGScript2"/>
  <testcase name="checkOut" time="0.001" classname="testngTutorials.FirstTestNGScript2"/>
</testsuite> <!-- testngTutorials.FirstTestNGScript2 -->
