<?xml version="1.0" encoding="UTF-8"?>
<!-- Generated by org.testng.reporters.JUnitReportReporter -->
<testsuite skipped="0" hostname="WINDG185171-BBU" name="testngTutorials.VerifyTitle_CrossBrowser" tests="3" failures="0" timestamp="29 Dec 2017 13:52:16 GMT" time="16.512" errors="0">
  <testcase name="verifyTitle" time="4.958" classname="testngTutorials.VerifyTitle_CrossBrowser"/>
  <testcase name="verifyTitle" time="5.445" classname="testngTutorials.VerifyTitle_CrossBrowser"/>
  <testcase name="verifyTitle" time="6.109" classname="testngTutorials.VerifyTitle_CrossBrowser"/>
</testsuite> <!-- testngTutorials.VerifyTitle_CrossBrowser -->
